C:\Program Files (x86)\MSBuild\Microsoft.Cpp\v4.0\V140\Microsoft.CppBuild.targets(392,5): warning MSB8028: The intermediate directory (Debug\) contains files shared from another project (Assignment1.vcxproj, Project2.vcxproj).  This can lead to incorrect clean and rebuild behavior.
cl : Command line warning D9035: option 'V' has been deprecated and will be removed in a future release
  Source.cpp
c:\users\benth\desktop\particlesystem\project2\teapot.h(2996): warning C4838: conversion from 'double' to 'float' requires a narrowing conversion
c:\users\benth\desktop\particlesystem\project2\teapot.h(2996): warning C4305: 'initializing': truncation from 'double' to 'float'
c:\users\benth\desktop\particlesystem\project2\teapot.h(5975): warning C4838: conversion from 'double' to 'float' requires a narrowing conversion
c:\users\benth\desktop\particlesystem\project2\teapot.h(5975): warning C4305: 'initializing': truncation from 'double' to 'float'
c:\users\benth\desktop\particlesystem\project2\teapot.h(8954): warning C4838: conversion from 'double' to 'float' requires a narrowing conversion
c:\users\benth\desktop\particlesystem\project2\teapot.h(8954): warning C4305: 'initializing': truncation from 'double' to 'float'
c:\users\benth\desktop\particlesystem\project2\mesh.h(87): warning C4244: 'argument': conversion from 'time_t' to 'unsigned int', possible loss of data
c:\users\benth\desktop\particlesystem\project2\particle_generator.h(157): warning C4018: '<': signed/unsigned mismatch
c:\users\benth\desktop\particlesystem\project2\particle_generator.h(184): warning C4244: '+=': conversion from 'double' to 'float', possible loss of data
c:\users\benth\desktop\particlesystem\project2\source.cpp(160): warning C4244: 'initializing': conversion from 'double' to 'GLfloat', possible loss of data
c:\users\benth\desktop\particlesystem\project2\source.cpp(265): warning C4244: '=': conversion from 'double' to 'GLfloat', possible loss of data
c:\users\benth\desktop\particlesystem\project2\source.cpp(266): warning C4244: '=': conversion from 'double' to 'GLfloat', possible loss of data
c:\users\benth\desktop\particlesystem\project2\source.cpp(270): warning C4244: 'initializing': conversion from 'double' to 'GLfloat', possible loss of data
c:\users\benth\desktop\particlesystem\project2\source.cpp(271): warning C4244: 'initializing': conversion from 'double' to 'GLfloat', possible loss of data
c:\users\benth\desktop\particlesystem\project2\source.cpp(273): warning C4244: '=': conversion from 'double' to 'GLfloat', possible loss of data
c:\users\benth\desktop\particlesystem\project2\source.cpp(274): warning C4244: '=': conversion from 'double' to 'GLfloat', possible loss of data
c:\users\benth\desktop\particlesystem\project2\source.cpp(281): warning C4244: 'argument': conversion from 'double' to 'GLfloat', possible loss of data
  LoadShaders.cpp
  Generating Code...
LINK : warning LNK4098: defaultlib 'LIBCMT' conflicts with use of other libs; use /NODEFAULTLIB:library
glew32s.lib(glew.obj) : warning LNK4099: PDB 'vc120.pdb' was not found with 'glew32s.lib(glew.obj)' or at 'C:\Users\BenTh\Desktop\particlesystem\Debug\vc120.pdb'; linking object as if no debug info
SOIL.lib(SOIL.obj) : warning LNK4099: PDB 'SOIL.pdb' was not found with 'SOIL.lib(SOIL.obj)' or at 'C:\Users\BenTh\Desktop\particlesystem\Debug\SOIL.pdb'; linking object as if no debug info
SOIL.lib(image_DXT.obj) : warning LNK4099: PDB 'SOIL.pdb' was not found with 'SOIL.lib(image_DXT.obj)' or at 'C:\Users\BenTh\Desktop\particlesystem\Debug\SOIL.pdb'; linking object as if no debug info
SOIL.lib(image_helper.obj) : warning LNK4099: PDB 'SOIL.pdb' was not found with 'SOIL.lib(image_helper.obj)' or at 'C:\Users\BenTh\Desktop\particlesystem\Debug\SOIL.pdb'; linking object as if no debug info
SOIL.lib(stb_image_aug.obj) : warning LNK4099: PDB 'SOIL.pdb' was not found with 'SOIL.lib(stb_image_aug.obj)' or at 'C:\Users\BenTh\Desktop\particlesystem\Debug\SOIL.pdb'; linking object as if no debug info
  Project2.vcxproj -> C:\Users\BenTh\Desktop\particlesystem\Debug\Assignment2.exe
  Project2.vcxproj -> C:\Users\BenTh\Desktop\particlesystem\Debug\Assignment2.pdb (Full PDB)
